<?xml version="1.0" encoding="UTF-8"?>
<!-- Generated by org.testng.reporters.JUnitXMLReporter -->
<testsuite ignored="6" hostname="LTIN213223" failures="0" tests="5" name="ChromeTest" time="155.736" errors="0" timestamp="2024-02-14T23:28:38 IST">
  <testcase classname="TestCase.TC001_UpcomingBikeDetails" name="clickNewBikes" time="12.201"/>
  <testcase classname="TestCase.TC001_UpcomingBikeDetails" name="clickUpcomingBikes" time="35.258"/>
  <testcase classname="TestCase.TC002_UsedCarsDetails" name="UsedCarDetails" time="54.301"/>
  <testcase classname="TestCase.TC003_GoogleLogin" name="verifyLoginPage" time="8.223"/>
  <testcase classname="TestCase.TC004_GoogleSignup" name="verifyLoginPage" time="10.072"/>
  <testcase classname="TestBase.BaseClass" name="@BeforeTest invokeBrowser" time="0.0">
    <ignored/>
  </testcase> <!-- @BeforeTest invokeBrowser -->
  <testcase classname="TestBase.BaseClass" name="@AfterTest tearDown" time="0.0">
    <ignored/>
  </testcase> <!-- @AfterTest tearDown -->
  <testcase classname="TestBase.BaseClass" name="@AfterTest tearDown" time="0.0">
    <ignored/>
  </testcase> <!-- @AfterTest tearDown -->
  <testcase classname="TestBase.BaseClass" name="@BeforeTest invokeBrowser" time="0.0">
    <ignored/>
  </testcase> <!-- @BeforeTest invokeBrowser -->
  <testcase classname="TestBase.BaseClass" name="@AfterTest tearDown" time="0.0">
    <ignored/>
  </testcase> <!-- @AfterTest tearDown -->
  <testcase classname="TestBase.BaseClass" name="@BeforeTest invokeBrowser" time="0.0">
    <ignored/>
  </testcase> <!-- @BeforeTest invokeBrowser -->
</testsuite> <!-- ChromeTest -->
