<?xml version="1.0" encoding="UTF-8"?>
<testng-results ignored="0" total="10" passed="10" failed="0" skipped="0">
  <reporter-output>
  </reporter-output>
  <suite started-at="2024-02-12T11:07:01 IST" name="Suite" finished-at="2024-02-12T11:15:02 IST" duration-ms="481393">
    <groups>
    </groups>
    <test started-at="2024-02-12T11:07:01 IST" name="ChromeTest" finished-at="2024-02-12T11:11:02 IST" duration-ms="240935">
      <class name="TestCase.TestCase3_GoogleLogin">
        <test-method signature="verifyLoginPage()[pri:0, instance:TestCase.TestCase3_GoogleLogin@28261e8e]" started-at="2024-02-12T11:10:25 IST" name="verifyLoginPage" finished-at="2024-02-12T11:10:32 IST" duration-ms="7237" status="PASS">
          <reporter-output>
          </reporter-output>
        </test-method> <!-- verifyLoginPage -->
      </class> <!-- TestCase.TestCase3_GoogleLogin -->
      <class name="TestCase.TestCase1_UpcomingBikeDetails">
        <test-method is-config="true" signature="invokeBrowser(java.lang.String,java.lang.String)[pri:0, instance:TestCase.TestCase1_UpcomingBikeDetails@1c5920df]" started-at="2024-02-12T11:07:02 IST" name="invokeBrowser" finished-at="2024-02-12T11:07:46 IST" duration-ms="43864" status="PASS">
          <params>
            <param index="0">
              <value>
                <![CDATA[Windows]]>
              </value>
            </param>
            <param index="1">
              <value>
                <![CDATA[chrome]]>
              </value>
            </param>
          </params>
          <reporter-output>
          </reporter-output>
        </test-method> <!-- invokeBrowser -->
        <test-method signature="clickNewBikes()[pri:1, instance:TestCase.TestCase1_UpcomingBikeDetails@1c5920df]" started-at="2024-02-12T11:07:46 IST" name="clickNewBikes" finished-at="2024-02-12T11:08:23 IST" duration-ms="37206" status="PASS">
          <reporter-output>
          </reporter-output>
        </test-method> <!-- clickNewBikes -->
        <test-method signature="clickUpcomingBikes()[pri:2, instance:TestCase.TestCase1_UpcomingBikeDetails@1c5920df]" started-at="2024-02-12T11:08:23 IST" name="clickUpcomingBikes" finished-at="2024-02-12T11:09:12 IST" depends-on-methods="TestCase.TestCase1_UpcomingBikeDetails.clickNewBikes" duration-ms="48099" status="PASS">
          <reporter-output>
          </reporter-output>
        </test-method> <!-- clickUpcomingBikes -->
        <test-method is-config="true" signature="tearDown()[pri:0, instance:TestCase.TestCase1_UpcomingBikeDetails@1c5920df]" started-at="2024-02-12T11:11:01 IST" name="tearDown" finished-at="2024-02-12T11:11:02 IST" duration-ms="1326" status="PASS">
          <reporter-output>
          </reporter-output>
        </test-method> <!-- tearDown -->
      </class> <!-- TestCase.TestCase1_UpcomingBikeDetails -->
      <class name="TestCase.TestCase2_UsedCarsDetails">
        <test-method signature="UsedCarDetails()[pri:0, instance:TestCase.TestCase2_UsedCarsDetails@7f485fda]" started-at="2024-02-12T11:09:12 IST" name="UsedCarDetails" finished-at="2024-02-12T11:10:25 IST" duration-ms="72636" status="PASS">
          <reporter-output>
          </reporter-output>
        </test-method> <!-- UsedCarDetails -->
      </class> <!-- TestCase.TestCase2_UsedCarsDetails -->
      <class name="TestCase.TestCase4_GoogleSignup">
        <test-method signature="verifyLoginPage()[pri:0, instance:TestCase.TestCase4_GoogleSignup@d737b89]" started-at="2024-02-12T11:10:32 IST" name="verifyLoginPage" finished-at="2024-02-12T11:11:00 IST" duration-ms="28000" status="PASS">
          <reporter-output>
          </reporter-output>
        </test-method> <!-- verifyLoginPage -->
      </class> <!-- TestCase.TestCase4_GoogleSignup -->
    </test> <!-- ChromeTest -->
    <test started-at="2024-02-12T11:11:10 IST" name="EdgeTest" finished-at="2024-02-12T11:15:02 IST" duration-ms="232329">
      <class name="TestCase.TestCase3_GoogleLogin">
        <test-method signature="verifyLoginPage()[pri:0, instance:TestCase.TestCase3_GoogleLogin@302c971f]" started-at="2024-02-12T11:14:47 IST" name="verifyLoginPage" finished-at="2024-02-12T11:14:53 IST" duration-ms="5950" status="PASS">
          <reporter-output>
          </reporter-output>
        </test-method> <!-- verifyLoginPage -->
      </class> <!-- TestCase.TestCase3_GoogleLogin -->
      <class name="TestCase.TestCase1_UpcomingBikeDetails">
        <test-method is-config="true" signature="invokeBrowser(java.lang.String,java.lang.String)[pri:0, instance:TestCase.TestCase1_UpcomingBikeDetails@514646ef]" started-at="2024-02-12T11:11:10 IST" name="invokeBrowser" finished-at="2024-02-12T11:12:06 IST" duration-ms="55982" status="PASS">
          <params>
            <param index="0">
              <value>
                <![CDATA[Edge]]>
              </value>
            </param>
            <param index="1">
              <value>
                <![CDATA[edge]]>
              </value>
            </param>
          </params>
          <reporter-output>
          </reporter-output>
        </test-method> <!-- invokeBrowser -->
        <test-method signature="clickNewBikes()[pri:1, instance:TestCase.TestCase1_UpcomingBikeDetails@514646ef]" started-at="2024-02-12T11:12:06 IST" name="clickNewBikes" finished-at="2024-02-12T11:12:48 IST" duration-ms="41574" status="PASS">
          <reporter-output>
          </reporter-output>
        </test-method> <!-- clickNewBikes -->
        <test-method signature="clickUpcomingBikes()[pri:2, instance:TestCase.TestCase1_UpcomingBikeDetails@514646ef]" started-at="2024-02-12T11:12:48 IST" name="clickUpcomingBikes" finished-at="2024-02-12T11:13:33 IST" depends-on-methods="TestCase.TestCase1_UpcomingBikeDetails.clickNewBikes" duration-ms="45218" status="PASS">
          <reporter-output>
          </reporter-output>
        </test-method> <!-- clickUpcomingBikes -->
        <test-method is-config="true" signature="tearDown()[pri:0, instance:TestCase.TestCase1_UpcomingBikeDetails@514646ef]" started-at="2024-02-12T11:15:01 IST" name="tearDown" finished-at="2024-02-12T11:15:02 IST" duration-ms="1473" status="PASS">
          <reporter-output>
          </reporter-output>
        </test-method> <!-- tearDown -->
      </class> <!-- TestCase.TestCase1_UpcomingBikeDetails -->
      <class name="TestCase.TestCase2_UsedCarsDetails">
        <test-method signature="UsedCarDetails()[pri:0, instance:TestCase.TestCase2_UsedCarsDetails@305ffe9e]" started-at="2024-02-12T11:13:34 IST" name="UsedCarDetails" finished-at="2024-02-12T11:14:46 IST" duration-ms="72917" status="PASS">
          <reporter-output>
          </reporter-output>
        </test-method> <!-- UsedCarDetails -->
      </class> <!-- TestCase.TestCase2_UsedCarsDetails -->
      <class name="TestCase.TestCase4_GoogleSignup">
        <test-method signature="verifyLoginPage()[pri:0, instance:TestCase.TestCase4_GoogleSignup@1972e513]" started-at="2024-02-12T11:14:53 IST" name="verifyLoginPage" finished-at="2024-02-12T11:15:01 IST" duration-ms="7585" status="PASS">
          <reporter-output>
          </reporter-output>
        </test-method> <!-- verifyLoginPage -->
      </class> <!-- TestCase.TestCase4_GoogleSignup -->
    </test> <!-- EdgeTest -->
  </suite> <!-- Suite -->
</testng-results>
